<?xml version="1.0" encoding="UTF-8"?>
<testng-results skipped="0" failed="0" ignored="0" total="1" passed="1">
  <reporter-output>
  </reporter-output>
  <suite name="Default suite" duration-ms="755" started-at="2018-06-06T12:34:22Z" finished-at="2018-06-06T12:34:23Z">
    <groups>
    </groups>
    <test name="Default test" duration-ms="755" started-at="2018-06-06T12:34:22Z" finished-at="2018-06-06T12:34:23Z">
      <class name="Practice.ReadWriteExcel">
        <test-method status="PASS" signature="readData()[pri:0, instance:Practice.ReadWriteExcel@3d921e20]" name="readData" duration-ms="718" started-at="2018-06-06T12:34:22Z" finished-at="2018-06-06T12:34:23Z">
          <reporter-output>
          </reporter-output>
        </test-method> <!-- readData -->
      </class> <!-- Practice.ReadWriteExcel -->
    </test> <!-- Default test -->
  </suite> <!-- Default suite -->
</testng-results>
