<?xml version="1.0" encoding="UTF-8"?>
<!-- Generated by org.testng.reporters.JUnitXMLReporter -->
<testsuite hostname="DESKTOP-KGOTE46" ignored="0" name="Regression Test" tests="4" failures="2" timestamp="02 Jun 2018 15:59:40 GMT" time="103.937" errors="0">
  <testcase name="titleTest" time="0.035" classname="com.crm.qa.testcases.LoginPageTest">
    <failure type="java.lang.AssertionError" message="expected [Nirmal] but found [Free CRM software in the cloud powers sales and customer service]">
      <![CDATA[java.lang.AssertionError: expected [Nirmal] but found [Free CRM software in the cloud powers sales and customer service]
	at com.crm.qa.testcases.LoginPageTest.titleTest(LoginPageTest.java:31)
... Removed 31 stack frames]]>
    </failure>
  </testcase> <!-- titleTest -->
  <testcase name="logoTest" time="0.13" classname="com.crm.qa.testcases.LoginPageTest"/>
  <testcase name="signBtnTest" time="0.123" classname="com.crm.qa.testcases.LoginPageTest"/>
  <testcase name="loginTest" time="0.414" classname="com.crm.qa.testcases.LoginPageTest">
    <failure type="java.lang.AssertionError" message="expected [homepage] but found [Free CRM software in the cloud powers sales and customer service]">
      <![CDATA[java.lang.AssertionError: expected [homepage] but found [Free CRM software in the cloud powers sales and customer service]
	at com.crm.qa.testcases.LoginPageTest.loginTest(LoginPageTest.java:60)
... Removed 31 stack frames]]>
    </failure>
  </testcase> <!-- loginTest -->
</testsuite> <!-- Regression Test -->
